2020-10-10 19:02:44,789 INFO  com.wordpress.posts.Admin_01_CreateViewEditDeletePost - OS name = windows 10
2020-10-10 19:02:46,126 INFO  com.wordpress.posts.Admin_01_CreateViewEditDeletePost - ---------- QUIT BROWSER SUCCESS ----------
2020-10-10 19:02:46,146 INFO  com.wordpress.posts.Admin_01_CreateViewEditDeletePost - OS name = windows 10
2020-10-10 19:02:48,860 INFO  com.wordpress.posts.Admin_01_CreateViewEditDeletePost - Error communicating with the remote browser. It may have died.
Build info: version: '2.53.1', revision: 'a36b8b1', time: '2016-06-30 17:37:03'
System info: host: 'DESKTOP-B6NQH76', ip: '192.168.1.9', os.name: 'Windows 10', os.arch: 'amd64', os.version: '10.0', java.version: '1.8.0_161'
Driver info: driver.version: RemoteWebDriver
Capabilities [{mobileEmulationEnabled=false, timeouts={implicit=0, pageLoad=300000, script=30000}, hasTouchScreen=false, platform=XP, acceptSslCerts=false, goog:chromeOptions={debuggerAddress=localhost:64298}, acceptInsecureCerts=false, webStorageEnabled=true, browserName=chrome, takesScreenshot=true, javascriptEnabled=true, setWindowRect=true, unexpectedAlertBehaviour=ignore, applicationCacheEnabled=false, rotatable=false, networkConnectionEnabled=false, chrome={chromedriverVersion=86.0.4240.22 (398b0743353ff36fb1b82468f63a3a93b4e2e89e-refs/branch-heads/4240@{#378}), userDataDir=C:\Users\HAU\AppData\Local\Temp\scoped_dir10232_1974247922}, takesHeapSnapshot=true, pageLoadStrategy=normal, strictFileInteractability=false, databaseEnabled=false, handlesAlerts=true, version=86.0.4240.75, browserConnectionEnabled=false, proxy={}, nativeEvents=true, locationContextEnabled=true, cssSelectorsEnabled=true, webauthn:virtualAuthenticators=true}]
Session ID: 7e548dafc9e86a85d8438e28f0bd572b
2020-10-10 19:03:02,948 INFO  com.wordpress.posts.Admin_01_CreateViewEditDeletePost - OS name = windows 10
2020-10-10 19:03:03,913 INFO  com.wordpress.posts.Admin_01_CreateViewEditDeletePost - ---------- QUIT BROWSER SUCCESS ----------
2020-10-10 19:03:36,925 INFO  com.wordpress.posts.Admin_01_CreateViewEditDeletePost - OS name = windows 10
2020-10-10 19:03:37,851 INFO  com.wordpress.posts.Admin_01_CreateViewEditDeletePost - Empty command
2020-10-10 20:19:17,117 INFO  com.wordpress.posts.Admin_01_CreateViewEditDeletePost - OS name = windows 10
2020-10-10 20:19:18,020 INFO  com.wordpress.posts.Admin_01_CreateViewEditDeletePost - OS name = windows 10
2020-10-10 20:19:18,616 INFO  com.wordpress.posts.Admin_01_CreateViewEditDeletePost - ---------- QUIT BROWSER SUCCESS ----------
2020-10-10 20:19:19,109 INFO  com.wordpress.posts.Admin_01_CreateViewEditDeletePost - ---------- QUIT BROWSER SUCCESS ----------
2020-10-10 20:19:25,203 INFO  com.wordpress.posts.Admin_01_CreateViewEditDeletePost - OS name = windows 10
2020-10-10 20:19:26,045 INFO  com.wordpress.posts.Admin_01_CreateViewEditDeletePost - ---------- QUIT BROWSER SUCCESS ----------
2020-10-10 20:19:33,562 INFO  com.wordpress.posts.Admin_01_CreateViewEditDeletePost - OS name = windows 10
2020-10-10 20:19:34,311 INFO  com.wordpress.posts.Admin_01_CreateViewEditDeletePost - Empty command
